This is pdfTeX, Version 3.1415926-2.5-1.40.14 (TeX Live 2013/Debian) (format=prv_prisoners 2015.7.1)  1 JUL 2015 16:42
entering extended mode
 restricted \write18 enabled.
 %&-line parsing enabled.
**&prv_prisoners _region_.tex
(./_region_.tex
LaTeX2e <2011/06/27>
Babel <3.9h> and hyphenation patterns for 78 languages loaded.
CUSTOMISED FORMAT. Preloaded files:
        .
 article.cls    2007/10/19 v1.4h Standard LaTeX document class
  size10.clo    2007/10/19 v1.4h Standard LaTeX file (size option)
 amsmath.sty    2013/01/14 v2.14 AMS math features
 amstext.sty    2000/06/29 v2.01
  amsgen.sty    1999/11/30 v2.0
  amsbsy.sty    1999/11/29 v1.2d
  amsopn.sty    1999/12/14 v2.01 operator names
 amssymb.sty    2013/01/14 v3.01 AMS font symbols
amsfonts.sty    2013/01/14 v3.01 Basic AMSFonts support
    umsa.fd    2013/01/14 v3.01 AMS symbols A
    umsb.fd    2013/01/14 v3.01 AMS symbols B
        .
No file _region_.aux.
LaTeX Font Info:    Checking defaults for OML/cmm/m/it on input line 3.
LaTeX Font Info:    ... okay on input line 3.
LaTeX Font Info:    Checking defaults for T1/cmr/m/n on input line 3.
LaTeX Font Info:    ... okay on input line 3.
LaTeX Font Info:    Checking defaults for OT1/cmr/m/n on input line 3.
LaTeX Font Info:    ... okay on input line 3.
LaTeX Font Info:    Checking defaults for OMS/cmsy/m/n on input line 3.
LaTeX Font Info:    ... okay on input line 3.
LaTeX Font Info:    Checking defaults for OMX/cmex/m/n on input line 3.
LaTeX Font Info:    ... okay on input line 3.
LaTeX Font Info:    Checking defaults for U/cmr/m/n on input line 3.
LaTeX Font Info:    ... okay on input line 3.
(/usr/share/texmf/tex/latex/preview/preview.sty
Package: preview 2010/02/14 11.87 (AUCTeX/preview-latex)

(/usr/share/texmf/tex/latex/preview/prtightpage.def
\PreviewBorder=\dimen112
)
(/usr/share/texmf/tex/latex/preview/prauctex.def
No auxiliary output files.


\hbadness=\count99
\hfuzz=\dimen113
(/usr/share/texmf/tex/latex/preview/prauctex.cfg))
(/usr/share/texmf/tex/latex/preview/prfootnotes.def)
\pr@snippet=\count100
\pr@box=\box28
\pr@output=\toks19

Preview: Fontsize 10pt
Preview: PDFoutput 1
)  !name(prisoners.tex) !offset(-3) 
! Preview: Snippet 1 started.
<-><->
      
l.16 \textit{Solution}: Number each prisoner $
                                              P_i$ and each color $C_i$
Not a real error.

Preview: Tightpage -32891 -32891 32891 32891
! Preview: Snippet 1 ended.(447828+98303x638938).
<-><->
      
l.16 \textit{Solution}: Number each prisoner $P_i$
                                                   and each color $C_i$
Not a real error.

[1{/var/lib/texmf/fonts/map/pdftex/updmap/pdftex.map}]
! Preview: Snippet 2 started.
<-><->
      
l.16 ...umber each prisoner $P_i$ and each color $
                                                  C_i$
Not a real error.

! Preview: Snippet 2 ended.(447828+98303x686588).
<-><->
      
l.16 ...r each prisoner $P_i$ and each color $C_i$
                                                  
Not a real error.

[2]
! Preview: Snippet 3 started.
<-><->
      
l.17 from $
           0$ to $N-1$. Let,
Not a real error.

! Preview: Snippet 3 ended.(422343+0x327681).
<-><->
      
l.17 from $0$
              to $N-1$. Let,
Not a real error.

[3]
! Preview: Snippet 4 started.
<-><->
      
l.17 from $0$ to $
                  N-1$. Let,
Not a real error.

! Preview: Snippet 4 ended.(447828+54613x1726685).
<-><->
      
l.17 from $0$ to $N-1$
                      . Let,
Not a real error.

[4]
! Preview: Snippet 5 started.
<-><->
      
l.19 \begin{equation*}
                      
Not a real error.

! Preview: Snippet 5 ended.(2126193+0x13064338).
<-><->
      
l.21 \end{equation*}
                    
Not a real error.

[5]
! Preview: Snippet 6 started.
<-><->
      
l.23 and suppose without loss of generality that $
                                                  T\%N = k$.  The strategy
Not a real error.

! Preview: Snippet 6 ended.(491520+36408x2853768).
<-><->
      
l.23 ...without loss of generality that $T\%N = k$
                                                  .  The strategy
Not a real error.

[6]
! Preview: Snippet 7 started.
<-><->
      
l.25 prisoner $
               P_i$ sees the sum,
Not a real error.

! Preview: Snippet 7 ended.(447828+98303x638938).
<-><->
      
l.25 prisoner $P_i$
                    sees the sum,
Not a real error.

[7]
! Preview: Snippet 8 started.
<-><->
      
l.27 \begin{equation*}
                      
Not a real error.

! Preview: Snippet 8 ended.(2141212+0x13507193).
<-><->
      
l.29 \end{equation*}
                    
Not a real error.

[8]
! Preview: Snippet 9 started.
<-><->
      
l.31 and guesses his color $
                            \hat{C_i}$ such that $(T_i+\hat{C_i})\%N = i$.
Not a real error.

! Preview: Snippet 9 ended.(620771+98303x686588).
<-><->
      
l.31 and guesses his color $\hat{C_i}$
                                       such that $(T_i+\hat{C_i})\%N = i$.
Not a real error.

[9]
! Preview: Snippet 10 started.
<-><->
      
l.31 and guesses his color $\hat{C_i}$ such that $
                                                  (T_i+\hat{C_i})\%N = i$.
Not a real error.

! Preview: Snippet 10 ended.(620771+163840x4842203).
<-><->
      
l.31 ...t{C_i}$ such that $(T_i+\hat{C_i})\%N = i$
                                                  .
Not a real error.

[10]
! Preview: Snippet 11 started.
<-><->
      
l.32 For this strategy, prisoner $
                                  P_k$ will guess his color $\hat{C_k}$
Not a real error.

! Preview: Snippet 11 ended.(447828+98303x743198).
<-><->
      
l.32 For this strategy, prisoner $P_k$
                                       will guess his color $\hat{C_k}$
Not a real error.

[11]
! Preview: Snippet 12 started.
<-><->
      
l.32 ...egy, prisoner $P_k$ will guess his color $
                                                  \hat{C_k}$
Not a real error.

! Preview: Snippet 12 ended.(620771+98303x790848).
<-><->
      
l.32 ...ner $P_k$ will guess his color $\hat{C_k}$
                                                  
Not a real error.

[12]
! Preview: Snippet 13 started.
<-><->
      
l.33 such that $
                T_k + \hat{C_k} = T$ and hence $\hat{C_k} = C_k$.  To see
Not a real error.

! Preview: Snippet 13 ended.(620771+98303x3645067).
<-><->
      
l.33 such that $T_k + \hat{C_k} = T$
                                     and hence $\hat{C_k} = C_k$.  To see
Not a real error.

[13]
! Preview: Snippet 14 started.
<-><->
      
l.33 such that $T_k + \hat{C_k} = T$ and hence $
                                                \hat{C_k} = C_k$.  To see
Not a real error.

! Preview: Snippet 14 ended.(620771+98303x2455502).
<-><->
      
l.33 ...\hat{C_k} = T$ and hence $\hat{C_k} = C_k$
                                                  .  To see
Not a real error.

[14]
! Preview: Snippet 15 started.
<-><->
      
l.34 this assume that $
                       T_k + \hat{C_k} \neq T$.  This implies that $T_k +
Not a real error.

! Preview: Snippet 15 ended.(620771+127430x3645067).
<-><->
      
l.34 this assume that $T_k + \hat{C_k} \neq T$
                                              .  This implies that $T_k +
Not a real error.

[15]
! Preview: Snippet 16 started.
<-><->
      
l.34 ... + \hat{C_k} \neq T$.  This implies that $
                                                  T_k +
Not a real error.

! Preview: Snippet 16 ended.(620771+98303x5619486).
<-><->
      
l.35 \hat{C_k} = T + mN$
                        , $m\in \mathbb{N}$, $m \neq 0$.  But this is a
Not a real error.

[16]
! Preview: Snippet 17 started.
<-><->
      
l.35 \hat{C_k} = T + mN$, $
                           m\in \mathbb{N}$, $m \neq 0$.  But this is a
Not a real error.

! Preview: Snippet 17 ended.(451470+25623x1849719).
<-><->
      
l.35 \hat{C_k} = T + mN$, $m\in \mathbb{N}$
                                           , $m \neq 0$.  But this is a
Not a real error.

[17]
! Preview: Snippet 18 started.
<-><->
      
l.35 \hat{C_k} = T + mN$, $m\in \mathbb{N}$, $
                                              m \neq 0$.  But this is a
Not a real error.

! Preview: Snippet 18 ended.(455111+127430x1776902).
<-><->
      
l.35 ...} = T + mN$, $m\in \mathbb{N}$, $m \neq 0$
                                                  .  But this is a
Not a real error.

[18]
! Preview: Snippet 19 started.
<-><->
      
l.38 \begin{equation*}
                      
Not a real error.

! Preview: Snippet 19 ended.(784611+0x16838797).
<-><->
      
l.40 \end{equation*}
                    
Not a real error.

[19]  !name(prisoners.tex) !offset(-5)  ) 
Here is how much of TeX's memory you used:
 199 strings out of 492180
 2617 string characters out of 6127111
 67282 words of memory out of 5000000
 4788 multiletter control sequences out of 15000+600000
 11769 words of font info for 46 fonts, out of 8000000 for 9000
 957 hyphenation exceptions out of 8191
 22i,5n,22p,539b,190s stack positions out of 5000i,500n,10000p,200000b,80000s
</usr/share/texlive/texmf-dist/fonts/t
ype1/public/amsfonts/cm/cmex10.pfb></usr/share/texlive/texmf-dist/fonts/type1/p
ublic/amsfonts/cm/cmmi10.pfb></usr/share/texlive/texmf-dist/fonts/type1/public/
amsfonts/cm/cmmi7.pfb></usr/share/texlive/texmf-dist/fonts/type1/public/amsfont
s/cm/cmr10.pfb></usr/share/texlive/texmf-dist/fonts/type1/public/amsfonts/cm/cm
r7.pfb></usr/share/texlive/texmf-dist/fonts/type1/public/amsfonts/cm/cmsy10.pfb
></usr/share/texlive/texmf-dist/fonts/type1/public/amsfonts/cm/cmsy7.pfb></usr/
share/texlive/texmf-dist/fonts/type1/public/amsfonts/symbols/msbm10.pfb>
Output written on _region_.pdf (19 pages, 65040 bytes).
PDF statistics:
 98 PDF objects out of 1000 (max. 8388607)
 68 compressed objects within 1 object stream
 0 named destinations out of 1000 (max. 500000)
 1 words of extra memory for PDF output out of 10000 (max. 10000000)

